

#################### Compilacao do construto: BARALHO

testbar.c
..\Srcs\BARALHO\testbar.c(125) : error C2065: 'DIM_VT_LISTA' : undeclared identifier
..\Srcs\BARALHO\testbar.c(183) : error C2065: 'valor' : undeclared identifier
..\Srcs\BARALHO\testbar.c(183) : error C2065: 'naipe' : undeclared identifier
..\Srcs\BARALHO\testbar.c(192) : error C2065: 'valor' : undeclared identifier
..\Srcs\BARALHO\testbar.c(192) : error C2065: 'naipe' : undeclared identifier
..\Srcs\BARALHO\testbar.c(192) : warning C4133: '=' : incompatible types - from 'BAR_tppCarta' to 'BAR_tppBaralho'
..\Srcs\BARALHO\testbar.c(214) : warning C4133: 'function' : incompatible types - from 'BAR_tppBaralho' to 'BAR_tppCarta'
..\Srcs\BARALHO\testbar.c(227) : error C2065: 'CondretEsp' : undeclared identifier
..\Srcs\BARALHO\testbar.c(235) : warning C4133: 'function' : incompatible types - from 'BAR_tppBaralho' to 'BAR_tppCarta'
..\Srcs\BARALHO\testbar.c(237) : error C2065: 'CondretEsp' : undeclared identifier
..\Srcs\BARALHO\testbar.c(263) : error C2065: 'CondretEsp' : undeclared identifier
..\Srcs\BARALHO\testbar.c(273) : warning C4133: 'function' : incompatible types - from 'BAR_tppBaralho' to 'BAR_tppCarta'
..\Srcs\BARALHO\testbar.c(273) : warning C4133: 'function' : incompatible types - from 'BAR_tppBaralho' to 'BAR_tppCarta'
..\Srcs\BARALHO\testbar.c(273) : warning C4133: 'function' : incompatible types - from 'BAR_tppBaralho' to 'BAR_tppCarta'
..\Srcs\BARALHO\testbar.c(275) : error C2065: 'CondretEsp' : undeclared identifier
..\Srcs\BARALHO\testbar.c(305) : error C2065: 'CondretEsperado' : undeclared identifier
..\Srcs\BARALHO\testbar.c(316) : error C2143: syntax error : missing ';' before 'if'
..\Srcs\BARALHO\testbar.c(316) : error C2065: 'CondretEsperado' : undeclared identifier
..\Srcs\BARALHO\testbar.c(332) : error C2065: 'CondretEsperado' : undeclared identifier
..\Srcs\BARALHO\testbar.c(342) : error C2037: left of 'valor' specifies undefined struct/union 'tgCarta'
..\Srcs\BARALHO\testbar.c(343) : error C2037: left of 'naipe' specifies undefined struct/union 'tgCarta'
..\Srcs\BARALHO\testbar.c(345) : error C2065: 'CondretEsperado' : undeclared identifier
..\Srcs\BARALHO\testbar.c(380) : error C2065: 'CondretEsperado' : undeclared identifier


#################### Compilacao do construto: LISTA

testlis.c
lista.c
Microsoft (R) Incremental Linker Version 10.00.30319.01
Copyright (C) Microsoft Corporation.  All rights reserved.

/OUT:..\Produto\TRAB2-1.exe 
/INCREMENTAL:NO 
/MACHINE:IX86 
testlis.obj lista.obj 
ArcaboucoTeste.lib 
